[2025-12-17T15:46:12.959Z] [SECURITY] Initiating Static Code Analysis...
[2025-12-17T15:46:12.962Z] [SECURITY] Code Scan: CLEAN.
[2025-12-17T15:49:24.597Z] [MEMORY] Storing new memory node: PROJECT_GOAL
[2025-12-17T15:54:02.861Z] [WORKFLOW] Starting pipeline execution [2 steps]
[2025-12-17T15:54:02.864Z] [WORKFLOW] Running Step T1: Transpiling Artifact
[2025-12-17T15:54:02.866Z] [SECURITY] Initiating Static Code Analysis...
[2025-12-17T15:54:02.867Z] [SECURITY] Code Scan: CLEAN.
[2025-12-17T15:54:02.868Z] [DEPLOY] Transpilation complete.
[2025-12-17T15:54:02.875Z] [WORKFLOW] Running Step T2: Security Clearance
[2025-12-17T15:54:02.877Z] [DEPLOY] Security signature verified.
[2025-12-17T15:54:02.882Z] [BRIDGE] Connecting to Neo Engine for Task: TEST_001
[2025-12-17T15:54:03.148Z] [BRIDGE] Neo Engine status: OFFLINE (Expected in standalone test)
[2025-12-17T15:57:05.968Z] [TEST] Normal operation recorded.
[2025-12-17T15:57:05.971Z] [CRITICAL] Simulated system intrusion detected.
[2025-12-17T15:57:05.973Z] [AUDIT] Generating System Health Report...
[2025-12-18T00:03:51.091Z] [ANALYZER] Scanning Sovereign Codebase...
[2025-12-18T00:03:51.131Z] [ANALYZER] Scanning Sovereign Codebase...
[2025-12-18T00:03:51.143Z] [NEGOTIATOR] System health optimal. No negotiation needed.
[2025-12-18T00:14:11.269Z] [AUDIT] Generating System Health Report...
[2025-12-18T00:14:13.264Z] [AUDIT] Generating System Health Report...
[2025-12-18T00:14:15.257Z] [AUDIT] Generating System Health Report...
[2025-12-18T00:14:17.253Z] [AUDIT] Generating System Health Report...
[2025-12-18T00:14:19.254Z] [AUDIT] Generating System Health Report...
[2025-12-18T00:14:21.254Z] [AUDIT] Generating System Health Report...
[2025-12-18T00:14:23.254Z] [AUDIT] Generating System Health Report...
[2025-12-18T00:14:25.256Z] [AUDIT] Generating System Health Report...
[2025-12-18T00:14:27.251Z] [AUDIT] Generating System Health Report...
[2025-12-18T00:14:29.253Z] [AUDIT] Generating System Health Report...
[2025-12-18T00:14:31.252Z] [AUDIT] Generating System Health Report...
[2025-12-18T00:14:33.252Z] [AUDIT] Generating System Health Report...
[2025-12-18T00:14:35.270Z] [AUDIT] Generating System Health Report...
[2025-12-18T00:14:37.285Z] [AUDIT] Generating System Health Report...
[2025-12-18T00:14:39.879Z] [AUDIT] Generating System Health Report...
[2025-12-18T00:14:41.875Z] [AUDIT] Generating System Health Report...
[2025-12-18T00:14:43.863Z] [AUDIT] Generating System Health Report...
[2025-12-18T00:14:45.864Z] [AUDIT] Generating System Health Report...
[2025-12-18T00:14:47.860Z] [AUDIT] Generating System Health Report...
[2025-12-18T00:14:49.900Z] [AUDIT] Generating System Health Report...
[2025-12-18T00:14:51.911Z] [AUDIT] Generating System Health Report...
[2025-12-18T00:14:53.866Z] [AUDIT] Generating System Health Report...
[2025-12-18T00:14:55.875Z] [AUDIT] Generating System Health Report...
[2025-12-18T00:14:57.866Z] [AUDIT] Generating System Health Report...
[2025-12-18T00:14:59.859Z] [AUDIT] Generating System Health Report...
[2025-12-18T00:15:01.871Z] [AUDIT] Generating System Health Report...
[2025-12-18T00:15:03.871Z] [AUDIT] Generating System Health Report...
[2025-12-18T00:15:05.862Z] [AUDIT] Generating System Health Report...
[2025-12-18T00:15:07.862Z] [AUDIT] Generating System Health Report...
[2025-12-18T00:15:09.881Z] [AUDIT] Generating System Health Report...
[2025-12-18T00:15:11.855Z] [AUDIT] Generating System Health Report...
[2025-12-18T00:15:13.861Z] [AUDIT] Generating System Health Report...
[2025-12-18T00:15:15.856Z] [AUDIT] Generating System Health Report...
[2025-12-18T00:15:17.863Z] [AUDIT] Generating System Health Report...
[2025-12-18T00:15:19.860Z] [AUDIT] Generating System Health Report...
[2025-12-18T00:15:21.862Z] [AUDIT] Generating System Health Report...
[2025-12-18T00:15:23.860Z] [AUDIT] Generating System Health Report...
[2025-12-18T00:15:25.864Z] [AUDIT] Generating System Health Report...
[2025-12-18T00:15:27.857Z] [AUDIT] Generating System Health Report...
[2025-12-18T00:15:29.859Z] [AUDIT] Generating System Health Report...
[2025-12-18T00:15:31.863Z] [AUDIT] Generating System Health Report...
[2025-12-18T00:15:33.862Z] [AUDIT] Generating System Health Report...
[2025-12-18T00:15:35.858Z] [AUDIT] Generating System Health Report...
[2025-12-18T00:15:37.861Z] [AUDIT] Generating System Health Report...
[2025-12-18T00:19:12.881Z] [AUDIT] Generating System Health Report...
[2025-12-18T00:19:13.275Z] [AUDIT] Generating System Health Report...
[2025-12-18T00:19:18.279Z] [AUDIT] Generating System Health Report...
[2025-12-18T00:19:20.278Z] [AUDIT] Generating System Health Report...
[2025-12-18T00:19:22.279Z] [AUDIT] Generating System Health Report...
[2025-12-18T00:19:24.279Z] [AUDIT] Generating System Health Report...
[2025-12-18T00:19:26.279Z] [AUDIT] Generating System Health Report...
[2025-12-18T00:19:28.283Z] [AUDIT] Generating System Health Report...
[2025-12-18T00:19:30.284Z] [AUDIT] Generating System Health Report...
[2025-12-18T00:19:32.865Z] [AUDIT] Generating System Health Report...
[2025-12-18T00:19:34.871Z] [AUDIT] Generating System Health Report...
[2025-12-18T00:19:36.857Z] [AUDIT] Generating System Health Report...
[2025-12-18T00:19:38.857Z] [AUDIT] Generating System Health Report...
[2025-12-18T00:19:40.857Z] [AUDIT] Generating System Health Report...
[2025-12-18T00:19:42.861Z] [AUDIT] Generating System Health Report...
[2025-12-18T00:19:44.881Z] [AUDIT] Generating System Health Report...
[2025-12-18T00:19:46.862Z] [AUDIT] Generating System Health Report...
[2025-12-18T00:19:48.866Z] [AUDIT] Generating System Health Report...
[2025-12-18T00:19:50.879Z] [AUDIT] Generating System Health Report...
[2025-12-18T00:19:52.862Z] [AUDIT] Generating System Health Report...
[2025-12-18T00:19:54.867Z] [AUDIT] Generating System Health Report...
[2025-12-18T00:19:56.863Z] [AUDIT] Generating System Health Report...
[2025-12-18T00:19:58.867Z] [AUDIT] Generating System Health Report...
[2025-12-18T00:20:00.862Z] [AUDIT] Generating System Health Report...
[2025-12-18T00:20:02.861Z] [AUDIT] Generating System Health Report...
[2025-12-18T00:20:04.859Z] [AUDIT] Generating System Health Report...
[2025-12-18T00:20:06.854Z] [AUDIT] Generating System Health Report...
[2025-12-18T00:20:08.858Z] [AUDIT] Generating System Health Report...
[2025-12-18T00:20:10.869Z] [AUDIT] Generating System Health Report...
[2025-12-18T00:20:12.859Z] [AUDIT] Generating System Health Report...
[2025-12-18T00:20:14.858Z] [AUDIT] Generating System Health Report...
[2025-12-18T00:20:16.886Z] [AUDIT] Generating System Health Report...
[2025-12-18T00:20:18.860Z] [AUDIT] Generating System Health Report...
[2025-12-18T00:20:20.861Z] [AUDIT] Generating System Health Report...
[2025-12-18T00:20:22.861Z] [AUDIT] Generating System Health Report...
[2025-12-18T00:20:24.865Z] [AUDIT] Generating System Health Report...
[2025-12-18T00:20:26.875Z] [AUDIT] Generating System Health Report...
[2025-12-18T00:20:28.858Z] [AUDIT] Generating System Health Report...
[2025-12-18T00:27:09.076Z] [AUDIT] Generating System Health Report...
[2025-12-18T00:27:10.277Z] [AUDIT] Generating System Health Report...
[2025-12-18T00:27:12.275Z] [AUDIT] Generating System Health Report...
[2025-12-18T00:44:13.865Z] [AUDIT] Generating System Health Report...
[2025-12-18T00:44:15.749Z] [AUDIT] Generating System Health Report...
[2025-12-18T00:44:17.752Z] [AUDIT] Generating System Health Report...
[2025-12-18T00:44:19.753Z] [AUDIT] Generating System Health Report...
[2025-12-18T00:44:21.742Z] [AUDIT] Generating System Health Report...
[2025-12-18T00:44:23.745Z] [AUDIT] Generating System Health Report...
[2025-12-18T00:44:25.750Z] [AUDIT] Generating System Health Report...
[2025-12-18T00:44:27.750Z] [AUDIT] Generating System Health Report...
[2025-12-18T00:44:29.750Z] [AUDIT] Generating System Health Report...
[2025-12-18T00:44:31.745Z] [AUDIT] Generating System Health Report...
[2025-12-18T00:44:33.750Z] [AUDIT] Generating System Health Report...
[2025-12-18T00:44:35.745Z] [AUDIT] Generating System Health Report...
[2025-12-18T00:44:37.747Z] [AUDIT] Generating System Health Report...
[2025-12-18T00:44:39.747Z] [AUDIT] Generating System Health Report...
[2025-12-18T00:44:41.748Z] [AUDIT] Generating System Health Report...
[2025-12-18T00:44:43.750Z] [AUDIT] Generating System Health Report...
[2025-12-18T00:44:45.761Z] [AUDIT] Generating System Health Report...
[2025-12-18T00:44:47.829Z] [AUDIT] Generating System Health Report...
[2025-12-18T00:44:49.872Z] [AUDIT] Generating System Health Report...
[2025-12-18T00:44:51.869Z] [AUDIT] Generating System Health Report...
[2025-12-18T00:44:53.861Z] [AUDIT] Generating System Health Report...
[2025-12-18T00:44:55.901Z] [AUDIT] Generating System Health Report...
[2025-12-18T00:44:57.869Z] [AUDIT] Generating System Health Report...
[2025-12-18T00:44:59.865Z] [AUDIT] Generating System Health Report...
[2025-12-18T00:45:01.859Z] [AUDIT] Generating System Health Report...
[2025-12-18T00:45:03.857Z] [AUDIT] Generating System Health Report...
[2025-12-18T00:45:05.859Z] [AUDIT] Generating System Health Report...
[2025-12-18T00:45:07.878Z] [AUDIT] Generating System Health Report...
[2025-12-18T00:45:09.863Z] [AUDIT] Generating System Health Report...
[2025-12-18T00:45:11.857Z] [AUDIT] Generating System Health Report...
[2025-12-18T00:45:13.867Z] [AUDIT] Generating System Health Report...
[2025-12-18T00:45:15.956Z] [AUDIT] Generating System Health Report...
[2025-12-18T00:45:17.857Z] [AUDIT] Generating System Health Report...
[2025-12-18T00:45:19.861Z] [AUDIT] Generating System Health Report...
[2025-12-18T00:45:21.862Z] [AUDIT] Generating System Health Report...
[2025-12-18T00:45:23.859Z] [AUDIT] Generating System Health Report...
[2025-12-18T00:45:25.870Z] [AUDIT] Generating System Health Report...
[2025-12-18T00:45:27.860Z] [AUDIT] Generating System Health Report...
[2025-12-18T00:45:29.863Z] [AUDIT] Generating System Health Report...
[2025-12-18T00:45:31.861Z] [AUDIT] Generating System Health Report...
[2025-12-18T00:45:33.860Z] [AUDIT] Generating System Health Report...
[2025-12-18T00:45:35.866Z] [AUDIT] Generating System Health Report...
[2025-12-18T00:45:37.874Z] [AUDIT] Generating System Health Report...
[2025-12-18T00:45:39.866Z] [AUDIT] Generating System Health Report...
[2025-12-18T00:45:41.870Z] [AUDIT] Generating System Health Report...
[2025-12-18T00:45:43.880Z] [AUDIT] Generating System Health Report...
[2025-12-18T00:45:45.866Z] [AUDIT] Generating System Health Report...
[2025-12-18T00:45:47.871Z] [AUDIT] Generating System Health Report...
[2025-12-18T00:50:35.808Z] [AUDIT] Generating System Health Report...
[2025-12-18T00:56:00.151Z] [AUDIT] Generating System Health Report...
[2025-12-18T00:56:02.067Z] [AUDIT] Generating System Health Report...
[2025-12-18T00:56:04.075Z] [AUDIT] Generating System Health Report...
[2025-12-18T00:56:06.077Z] [AUDIT] Generating System Health Report...
[2025-12-18T00:56:08.076Z] [AUDIT] Generating System Health Report...
[2025-12-18T00:56:10.073Z] [AUDIT] Generating System Health Report...
[2025-12-18T00:56:12.061Z] [AUDIT] Generating System Health Report...
[2025-12-18T00:56:14.065Z] [AUDIT] Generating System Health Report...
[2025-12-18T00:56:16.064Z] [AUDIT] Generating System Health Report...
[2025-12-18T00:56:18.072Z] [AUDIT] Generating System Health Report...
[2025-12-18T00:56:20.066Z] [AUDIT] Generating System Health Report...
[2025-12-18T00:56:22.066Z] [AUDIT] Generating System Health Report...
[2025-12-18T00:56:24.063Z] [AUDIT] Generating System Health Report...
[2025-12-18T00:56:26.065Z] [AUDIT] Generating System Health Report...
[2025-12-18T00:56:28.065Z] [AUDIT] Generating System Health Report...
[2025-12-18T00:56:30.130Z] [AUDIT] Generating System Health Report...
[2025-12-18T00:56:32.867Z] [AUDIT] Generating System Health Report...
[2025-12-18T00:56:34.863Z] [AUDIT] Generating System Health Report...
[2025-12-18T00:56:36.862Z] [AUDIT] Generating System Health Report...
[2025-12-18T00:56:38.882Z] [AUDIT] Generating System Health Report...
[2025-12-18T00:56:40.857Z] [AUDIT] Generating System Health Report...
[2025-12-18T00:56:42.857Z] [AUDIT] Generating System Health Report...
[2025-12-18T00:56:44.866Z] [AUDIT] Generating System Health Report...
[2025-12-18T00:56:46.867Z] [AUDIT] Generating System Health Report...
[2025-12-18T00:56:48.858Z] [AUDIT] Generating System Health Report...
[2025-12-18T00:56:50.885Z] [AUDIT] Generating System Health Report...
[2025-12-18T00:56:52.866Z] [AUDIT] Generating System Health Report...
[2025-12-18T00:56:54.862Z] [AUDIT] Generating System Health Report...
[2025-12-18T00:56:56.861Z] [AUDIT] Generating System Health Report...
[2025-12-18T00:56:58.897Z] [AUDIT] Generating System Health Report...
[2025-12-18T00:57:00.858Z] [AUDIT] Generating System Health Report...
[2025-12-18T00:57:02.860Z] [AUDIT] Generating System Health Report...
[2025-12-18T00:57:04.858Z] [AUDIT] Generating System Health Report...
[2025-12-18T00:57:06.858Z] [AUDIT] Generating System Health Report...
[2025-12-18T00:57:08.859Z] [AUDIT] Generating System Health Report...
[2025-12-18T00:57:10.857Z] [AUDIT] Generating System Health Report...
[2025-12-18T00:57:12.860Z] [AUDIT] Generating System Health Report...
[2025-12-18T00:57:14.858Z] [AUDIT] Generating System Health Report...
[2025-12-18T00:57:16.855Z] [AUDIT] Generating System Health Report...
[2025-12-18T00:57:18.855Z] [AUDIT] Generating System Health Report...
[2025-12-18T00:57:20.854Z] [AUDIT] Generating System Health Report...
[2025-12-18T00:57:22.860Z] [AUDIT] Generating System Health Report...
[2025-12-18T00:57:24.861Z] [AUDIT] Generating System Health Report...
[2025-12-18T00:57:26.858Z] [AUDIT] Generating System Health Report...
[2025-12-18T00:57:28.859Z] [AUDIT] Generating System Health Report...
[2025-12-18T00:57:30.859Z] [AUDIT] Generating System Health Report...
[2025-12-18T00:59:14.825Z] [AUDIT] Generating System Health Report...
[2025-12-18T00:59:16.063Z] [AUDIT] Generating System Health Report...
[2025-12-18T00:59:18.060Z] [AUDIT] Generating System Health Report...
[2025-12-18T01:03:20.511Z] [AUDIT] Generating System Health Report...
[2025-12-18T01:03:22.491Z] [AUDIT] Generating System Health Report...
[2025-12-18T01:04:02.792Z] [AUDIT] Generating System Health Report...
[2025-12-18T01:04:04.734Z] [AUDIT] Generating System Health Report...
[2025-12-18T01:04:06.753Z] [AUDIT] Generating System Health Report...
[2025-12-18T01:04:08.729Z] [AUDIT] Generating System Health Report...
[2025-12-18T01:04:10.728Z] [AUDIT] Generating System Health Report...
[2025-12-18T01:04:12.736Z] [AUDIT] Generating System Health Report...
[2025-12-18T01:04:14.824Z] [AUDIT] Generating System Health Report...
[2025-12-18T01:04:16.866Z] [AUDIT] Generating System Health Report...
[2025-12-18T01:04:18.859Z] [AUDIT] Generating System Health Report...
[2025-12-18T01:04:20.866Z] [AUDIT] Generating System Health Report...
[2025-12-18T01:04:22.882Z] [AUDIT] Generating System Health Report...
[2025-12-18T01:04:24.878Z] [AUDIT] Generating System Health Report...
[2025-12-18T01:04:26.860Z] [AUDIT] Generating System Health Report...
[2025-12-18T01:04:28.859Z] [AUDIT] Generating System Health Report...
[2025-12-18T01:04:30.859Z] [AUDIT] Generating System Health Report...
[2025-12-18T01:04:32.859Z] [AUDIT] Generating System Health Report...
[2025-12-18T01:04:34.860Z] [AUDIT] Generating System Health Report...
[2025-12-18T01:04:36.862Z] [AUDIT] Generating System Health Report...
[2025-12-18T01:04:38.859Z] [AUDIT] Generating System Health Report...
[2025-12-18T01:04:40.860Z] [AUDIT] Generating System Health Report...
[2025-12-18T01:04:42.859Z] [AUDIT] Generating System Health Report...
[2025-12-18T01:04:44.864Z] [AUDIT] Generating System Health Report...
[2025-12-18T01:04:46.862Z] [AUDIT] Generating System Health Report...
[2025-12-18T01:04:48.858Z] [AUDIT] Generating System Health Report...
[2025-12-18T01:04:50.866Z] [AUDIT] Generating System Health Report...
[2025-12-18T01:04:52.859Z] [AUDIT] Generating System Health Report...
[2025-12-18T01:04:54.860Z] [AUDIT] Generating System Health Report...
[2025-12-18T01:04:56.863Z] [AUDIT] Generating System Health Report...
[2025-12-18T01:04:58.861Z] [AUDIT] Generating System Health Report...
[2025-12-18T01:05:00.863Z] [AUDIT] Generating System Health Report...
[2025-12-18T01:05:02.866Z] [AUDIT] Generating System Health Report...
[2025-12-18T01:05:04.859Z] [AUDIT] Generating System Health Report...
[2025-12-18T01:05:06.864Z] [AUDIT] Generating System Health Report...
[2025-12-18T01:05:08.866Z] [AUDIT] Generating System Health Report...
[2025-12-18T01:05:10.890Z] [AUDIT] Generating System Health Report...
[2025-12-18T01:05:12.859Z] [AUDIT] Generating System Health Report...
[2025-12-18T01:05:14.857Z] [AUDIT] Generating System Health Report...
[2025-12-18T01:06:35.733Z] [AUDIT] Generating System Health Report...
[2025-12-18T01:06:36.751Z] [AUDIT] Generating System Health Report...
[2025-12-18T01:06:38.743Z] [AUDIT] Generating System Health Report...
[2025-12-18T01:06:40.764Z] [AUDIT] Generating System Health Report...
[2025-12-18T01:06:42.750Z] [AUDIT] Generating System Health Report...
[2025-12-18T01:06:44.758Z] [AUDIT] Generating System Health Report...
[2025-12-18T01:06:55.692Z] [AUDIT] Generating System Health Report...
[2025-12-18T01:06:57.759Z] [AUDIT] Generating System Health Report...
[2025-12-18T01:06:59.861Z] [AUDIT] Generating System Health Report...
[2025-12-18T01:07:01.865Z] [AUDIT] Generating System Health Report...
[2025-12-18T01:07:03.873Z] [AUDIT] Generating System Health Report...
[2025-12-18T01:07:05.864Z] [AUDIT] Generating System Health Report...
[2025-12-18T01:07:07.862Z] [AUDIT] Generating System Health Report...
[2025-12-18T01:07:09.881Z] [AUDIT] Generating System Health Report...
[2025-12-18T01:07:11.864Z] [AUDIT] Generating System Health Report...
[2025-12-18T01:07:13.863Z] [AUDIT] Generating System Health Report...
[2025-12-18T01:07:15.859Z] [AUDIT] Generating System Health Report...
[2025-12-18T01:07:17.857Z] [AUDIT] Generating System Health Report...
[2025-12-18T01:07:19.859Z] [AUDIT] Generating System Health Report...
[2025-12-18T01:07:21.861Z] [AUDIT] Generating System Health Report...
[2025-12-18T01:07:23.861Z] [AUDIT] Generating System Health Report...
[2025-12-18T01:07:25.858Z] [AUDIT] Generating System Health Report...
[2025-12-18T01:07:27.864Z] [AUDIT] Generating System Health Report...
[2025-12-18T01:07:29.858Z] [AUDIT] Generating System Health Report...
[2025-12-18T01:07:31.859Z] [AUDIT] Generating System Health Report...
[2025-12-18T01:07:33.858Z] [AUDIT] Generating System Health Report...
[2025-12-18T01:07:35.863Z] [AUDIT] Generating System Health Report...
[2025-12-18T01:07:37.861Z] [AUDIT] Generating System Health Report...
[2025-12-18T01:07:39.863Z] [AUDIT] Generating System Health Report...
[2025-12-18T01:07:41.860Z] [AUDIT] Generating System Health Report...
[2025-12-18T01:07:43.861Z] [AUDIT] Generating System Health Report...
[2025-12-18T01:07:45.859Z] [AUDIT] Generating System Health Report...
[2025-12-18T01:07:47.862Z] [AUDIT] Generating System Health Report...
[2025-12-18T01:07:49.860Z] [AUDIT] Generating System Health Report...
[2025-12-18T01:07:51.863Z] [AUDIT] Generating System Health Report...
[2025-12-18T01:07:53.861Z] [AUDIT] Generating System Health Report...
[2025-12-18T01:07:55.860Z] [AUDIT] Generating System Health Report...
[2025-12-18T01:07:57.912Z] [AUDIT] Generating System Health Report...
[2025-12-18T02:56:53.998Z] [AUDIT] Generating System Health Report...
[2025-12-18T02:56:54.180Z] [AUDIT] Generating System Health Report...
[2025-12-18T02:56:55.675Z] [AUDIT] Generating System Health Report...
[2025-12-18T02:56:57.827Z] [AUDIT] Generating System Health Report...
[2025-12-18T02:59:00.589Z] [AUDIT] Generating System Health Report...
[2025-12-18T02:59:02.561Z] [AUDIT] Generating System Health Report...
[2025-12-18T02:59:04.558Z] [AUDIT] Generating System Health Report...
[2025-12-18T02:59:06.574Z] [AUDIT] Generating System Health Report...
[2025-12-18T02:59:08.563Z] [AUDIT] Generating System Health Report...
[2025-12-18T02:59:10.578Z] [AUDIT] Generating System Health Report...
[2025-12-18T02:59:12.623Z] [AUDIT] Generating System Health Report...
[2025-12-18T02:59:56.381Z] [AUDIT] Generating System Health Report...
[2025-12-18T02:59:58.380Z] [AUDIT] Generating System Health Report...
[2025-12-18T03:00:00.385Z] [AUDIT] Generating System Health Report...
[2025-12-18T03:00:02.374Z] [AUDIT] Generating System Health Report...
[2025-12-18T03:00:04.363Z] [AUDIT] Generating System Health Report...
[2025-12-18T03:00:06.365Z] [AUDIT] Generating System Health Report...
[2025-12-18T03:00:08.375Z] [AUDIT] Generating System Health Report...
[2025-12-18T03:00:21.742Z] [AUDIT] Generating System Health Report...
[2025-12-18T03:00:23.747Z] [AUDIT] Generating System Health Report...
[2025-12-18T03:00:25.735Z] [AUDIT] Generating System Health Report...
[2025-12-18T03:00:27.746Z] [AUDIT] Generating System Health Report...
[2025-12-18T03:00:29.735Z] [AUDIT] Generating System Health Report...
[2025-12-18T03:00:31.730Z] [AUDIT] Generating System Health Report...
[2025-12-18T03:00:33.729Z] [AUDIT] Generating System Health Report...
[2025-12-18T03:00:35.728Z] [AUDIT] Generating System Health Report...
[2025-12-18T03:00:37.730Z] [AUDIT] Generating System Health Report...
[2025-12-18T03:00:39.731Z] [AUDIT] Generating System Health Report...
[2025-12-18T03:00:41.747Z] [AUDIT] Generating System Health Report...
[2025-12-18T03:00:43.733Z] [AUDIT] Generating System Health Report...
[2025-12-18T03:00:45.731Z] [AUDIT] Generating System Health Report...
[2025-12-18T03:00:47.731Z] [AUDIT] Generating System Health Report...
[2025-12-18T03:00:49.731Z] [AUDIT] Generating System Health Report...
[2025-12-18T03:00:51.730Z] [AUDIT] Generating System Health Report...
[2025-12-18T03:00:53.730Z] [AUDIT] Generating System Health Report...
[2025-12-18T03:00:55.739Z] [AUDIT] Generating System Health Report...
[2025-12-18T03:00:57.732Z] [AUDIT] Generating System Health Report...
[2025-12-18T03:00:59.732Z] [AUDIT] Generating System Health Report...
[2025-12-18T03:01:01.729Z] [AUDIT] Generating System Health Report...
[2025-12-18T03:01:03.731Z] [AUDIT] Generating System Health Report...
[2025-12-18T03:01:05.752Z] [AUDIT] Generating System Health Report...
[2025-12-18T03:01:07.735Z] [AUDIT] Generating System Health Report...
[2025-12-18T03:01:09.891Z] [AUDIT] Generating System Health Report...
[2025-12-18T03:01:11.875Z] [AUDIT] Generating System Health Report...
[2025-12-18T03:01:13.898Z] [AUDIT] Generating System Health Report...
[2025-12-18T03:01:15.867Z] [AUDIT] Generating System Health Report...
[2025-12-18T03:01:17.871Z] [AUDIT] Generating System Health Report...
[2025-12-18T03:01:19.861Z] [AUDIT] Generating System Health Report...
[2025-12-18T03:01:21.859Z] [AUDIT] Generating System Health Report...
[2025-12-18T03:01:23.903Z] [AUDIT] Generating System Health Report...
[2025-12-18T03:01:25.866Z] [AUDIT] Generating System Health Report...
[2025-12-18T03:01:27.855Z] [AUDIT] Generating System Health Report...
[2025-12-18T03:01:29.865Z] [AUDIT] Generating System Health Report...
[2025-12-18T03:01:31.857Z] [AUDIT] Generating System Health Report...
[2025-12-18T03:01:33.859Z] [AUDIT] Generating System Health Report...
[2025-12-18T03:01:35.857Z] [AUDIT] Generating System Health Report...
[2025-12-18T03:01:37.895Z] [AUDIT] Generating System Health Report...
[2025-12-18T03:01:39.863Z] [AUDIT] Generating System Health Report...
[2025-12-18T03:01:41.859Z] [AUDIT] Generating System Health Report...
[2025-12-18T03:01:43.882Z] [AUDIT] Generating System Health Report...
[2025-12-18T03:01:45.857Z] [AUDIT] Generating System Health Report...
[2025-12-18T03:01:47.859Z] [AUDIT] Generating System Health Report...
[2025-12-18T03:01:49.861Z] [AUDIT] Generating System Health Report...
[2025-12-18T03:01:51.870Z] [AUDIT] Generating System Health Report...
[2025-12-18T03:01:53.856Z] [AUDIT] Generating System Health Report...
[2025-12-18T03:01:55.863Z] [AUDIT] Generating System Health Report...
[2025-12-18T03:01:57.857Z] [AUDIT] Generating System Health Report...
[2025-12-18T03:01:59.856Z] [AUDIT] Generating System Health Report...
[2025-12-18T03:02:01.865Z] [AUDIT] Generating System Health Report...
[2025-12-18T03:02:03.861Z] [AUDIT] Generating System Health Report...
[2025-12-18T03:02:05.875Z] [AUDIT] Generating System Health Report...
[2025-12-18T03:02:07.861Z] [AUDIT] Generating System Health Report...
[2025-12-18T03:02:09.875Z] [AUDIT] Generating System Health Report...
[2025-12-18T03:02:32.617Z] [AUDIT] Generating System Health Report...
[2025-12-18T03:02:39.038Z] [AUDIT] Generating System Health Report...
[2025-12-18T03:02:41.020Z] [AUDIT] Generating System Health Report...
[2025-12-18T03:02:43.022Z] [AUDIT] Generating System Health Report...
[2025-12-18T03:02:45.037Z] [AUDIT] Generating System Health Report...
[2025-12-18T03:03:27.817Z] [AUDIT] Generating System Health Report...
[2025-12-18T03:03:29.805Z] [AUDIT] Generating System Health Report...
[2025-12-18T03:03:31.806Z] [AUDIT] Generating System Health Report...
