nohup: ignoring input
INFO:     Started server process [27807]
INFO:     Waiting for application startup.
INFO:     Application startup complete.
INFO:     Uvicorn running on http://0.0.0.0:8080 (Press CTRL+C to quit)

✨ NEO-ENGINE SOVEREIGN ONLINE: http://10.139.56.87:8080

--- [NEURAL COUNCIL: SMART AUTO-LOAD] ---
[AgentManager] ✅ ResearchAgent ONLINE (from ResearchAgent.py)
[AgentManager] ✅ ShellAgent ONLINE (from ShellAgent.py)
[AgentManager] ✅ RepoAgent ONLINE (from RepoAgent.py)
[AgentManager] ✅ CodeAgent ONLINE (from CodeAgent.py)
[AgentManager] ✅ AISupervisor ONLINE (from AISupervisor.py)
[AgentManager] ✅ BuildAgent ONLINE (from BuildAgent.py)
[AgentManager] ✅ SecurityAgent ONLINE (from SecurityAgent.py)
[AgentManager] ✅ AssetGeneratorAgent ONLINE (from AssetGeneratorAgent.py)
[AgentManager] ✅ MapGeneratorAgent ONLINE (from MapGeneratorAgent.py)
[AgentManager] ✅ RenderAgent ONLINE (from RenderAgent.py)
[AgentManager] ✅ OptiAgent ONLINE (from OptiAgent.py)
[AgentManager] ✅ HistoryAgent ONLINE (from HistoryAgent.py)
[AgentManager] ✅ MemoryAgent ONLINE (from MemoryAgent.py)
[AgentManager] ✅ WorldAgent ONLINE (from WorldAgent.py)
[AgentManager] ✅ AssetAgent ONLINE (from AssetAgent.py)
[AgentManager] ✅ TaskAgent ONLINE (from TaskAgent.py)
[AgentManager] ✅ KnowledgeAgent ONLINE (from KnowledgeAgent.py)
[AgentManager] ✅ ExportAgent ONLINE (from ExportAgent.py)
[AgentManager] ✅ EconomyAgent ONLINE (from EconomyAgent.py)
[AgentManager] ✅ LogicNodeAgent ONLINE (from LogicNodeAgent.py)
[AgentManager] ✅ GodotAgent ONLINE (from godot_agent.py)
[AgentManager] ✅ UnrealAgent ONLINE (from unreal_agent.py)
[AgentManager] ✅ GenesisAgent ONLINE (from GenesisAgent.py)
[AgentManager] ✅ UIAgent ONLINE (from UIAgent.py)
[AgentManager] ✅ PlayStoreAgent ONLINE (from PlayStoreAgent.py)
[AgentManager] ✅ SentientTesterAgent ONLINE (from SentientTesterAgent.py)
[AgentManager] ✅ AudioAgent ONLINE (from AudioAgent.py)
[AgentManager] ✅ ComposerAgent ONLINE (from ComposerAgent.py)
[AgentManager] ✅ NarrativeAgent ONLINE (from NarrativeAgent.py)
[AgentManager] ✅ AnimatorAgent ONLINE (from AnimatorAgent.py)
[AgentManager] ✅ MarketingAgent ONLINE (from MarketingAgent.py)
[AgentManager] ✅ CrowdSimulationAgent ONLINE (from CrowdSimulationAgent.py)
[AgentManager] ✅ GrandAestheteAgent ONLINE (from GrandAestheteAgent.py)
[AgentManager] ✅ WhaleRetentionAgent ONLINE (from WhaleRetentionAgent.py)
✅ PATCH APPLIED: RenderAgent now emits explicit ACK.
PATCH APPLIED: _cmd_render_scene fully replaced with emit-based render
[AgentManager] ✅ SyntaxGuardianAgent ONLINE (from SyntaxGuardianAgent.py)
[AgentManager] ✅ BlacksmithAgent ONLINE (from BlacksmithAgent.py)
[AgentManager] ✅ DestinyAgent ONLINE (from DestinyAgent.py)
[AgentManager] ✅ SentienceEvaluatorAgent ONLINE (from SentienceEvaluatorAgent.py)
[AgentManager] ✅ InventoryAgent ONLINE (from InventoryAgent.py)
✅ PATCH FINAL APPLIED: RenderAgent now uses NeoEngine Native Render
[AgentManager] ✅ PilotAgent ONLINE (from PilotAgent.py)
--- TOTAL POWER: 40 CLASSES ACTIVE ---

--- COUNCIL STATUS: 40 AGENTS ACTIVE ---
Agents: ResearchAgent, ShellAgent, RepoAgent, CodeAgent, AISupervisor, BuildAgent, SecurityAgent, AssetGeneratorAgent, MapGeneratorAgent, RenderAgent, OptiAgent, HistoryAgent, MemoryAgent, WorldAgent, AssetAgent, TaskAgent, KnowledgeAgent, ExportAgent, EconomyAgent, LogicNodeAgent, GodotAgent, UnrealAgent, GenesisAgent, UIAgent, PlayStoreAgent, SentientTesterAgent, AudioAgent, ComposerAgent, NarrativeAgent, AnimatorAgent, MarketingAgent, CrowdSimulationAgent, GrandAestheteAgent, WhaleRetentionAgent, SyntaxGuardianAgent, BlacksmithAgent, DestinyAgent, SentienceEvaluatorAgent, InventoryAgent, PilotAgent
📦 [PlayStoreAgent] Preparing Production Bundle: FEAC-Ultimate
⚠️ [PlayStoreAgent] Keystore NOT FOUND. Generating temporary upload key...
📦 [PlayStoreAgent] App Bundle (.aab) signed and optimized for Play Store.
INFO:     127.0.0.1:37256 - "POST /api/task HTTP/1.1" 200 OK
